  Node.cpp
D:\university\kinpo\KINPO\TexConverter\Node.cpp(1,1): warning C4828: Файл содержит знак, начинающийся со смещения 0x851, который является недопустимым в текущей исходной кодировке (кодовая страница 65001).
D:\university\kinpo\KINPO\TexConverter\Node.cpp(1,1): warning C4828: Файл содержит знак, начинающийся со смещения 0x853, который является недопустимым в текущей исходной кодировке (кодовая страница 65001).
D:\university\kinpo\KINPO\TexConverter\Node.cpp(1,1): warning C4828: Файл содержит знак, начинающийся со смещения 0x857, который является недопустимым в текущей исходной кодировке (кодовая страница 65001).
D:\university\kinpo\KINPO\TexConverter\Node.cpp(1,1): warning C4828: Файл содержит знак, начинающийся со смещения 0x85b, который является недопустимым в текущей исходной кодировке (кодовая страница 65001).
D:\university\kinpo\KINPO\TexConverter\Node.cpp(1,1): warning C4828: Файл содержит знак, начинающийся со смещения 0x85e, который является недопустимым в текущей исходной кодировке (кодовая страница 65001).
D:\university\kinpo\KINPO\TexConverter\Node.cpp(1,1): warning C4828: Файл содержит знак, начинающийся со смещения 0x862, который является недопустимым в текущей исходной кодировке (кодовая страница 65001).
D:\university\kinpo\KINPO\TexConverter\Node.cpp(1,1): warning C4828: Файл содержит знак, начинающийся со смещения 0x866, который является недопустимым в текущей исходной кодировке (кодовая страница 65001).
D:\university\kinpo\KINPO\TexConverter\Node.cpp(1,1): warning C4828: Файл содержит знак, начинающийся со смещения 0x86b, который является недопустимым в текущей исходной кодировке (кодовая страница 65001).
D:\university\kinpo\KINPO\TexConverter\Node.cpp(1,1): warning C4828: Файл содержит знак, начинающийся со смещения 0x86e, который является недопустимым в текущей исходной кодировке (кодовая страница 65001).
D:\university\kinpo\KINPO\TexConverter\Node.cpp(1,1): warning C4828: Файл содержит знак, начинающийся со смещения 0x86f, который является недопустимым в текущей исходной кодировке (кодовая страница 65001).
D:\university\kinpo\KINPO\TexConverter\Node.cpp(1,1): warning C4828: Файл содержит знак, начинающийся со смещения 0x873, который является недопустимым в текущей исходной кодировке (кодовая страница 65001).
D:\university\kinpo\KINPO\TexConverter\Node.cpp(1,1): warning C4828: Файл содержит знак, начинающийся со смещения 0x876, который является недопустимым в текущей исходной кодировке (кодовая страница 65001).
D:\university\kinpo\KINPO\TexConverter\Node.cpp(1,1): warning C4828: Файл содержит знак, начинающийся со смещения 0x879, который является недопустимым в текущей исходной кодировке (кодовая страница 65001).
D:\university\kinpo\KINPO\TexConverter\Node.cpp(1,1): warning C4828: Файл содержит знак, начинающийся со смещения 0x880, который является недопустимым в текущей исходной кодировке (кодовая страница 65001).
D:\university\kinpo\KINPO\TexConverter\Node.cpp(1,1): warning C4828: Файл содержит знак, начинающийся со смещения 0x884, который является недопустимым в текущей исходной кодировке (кодовая страница 65001).
D:\university\kinpo\KINPO\TexConverter\Node.cpp(1,1): warning C4828: Файл содержит знак, начинающийся со смещения 0x885, который является недопустимым в текущей исходной кодировке (кодовая страница 65001).
D:\university\kinpo\KINPO\TexConverter\Node.cpp(1,1): warning C4828: Файл содержит знак, начинающийся со смещения 0x889, который является недопустимым в текущей исходной кодировке (кодовая страница 65001).
D:\university\kinpo\KINPO\TexConverter\Node.cpp(1,1): warning C4828: Файл содержит знак, начинающийся со смещения 0x9ad, который является недопустимым в текущей исходной кодировке (кодовая страница 65001).
D:\university\kinpo\KINPO\TexConverter\Node.cpp(1,1): warning C4828: Файл содержит знак, начинающийся со смещения 0x9af, который является недопустимым в текущей исходной кодировке (кодовая страница 65001).
D:\university\kinpo\KINPO\TexConverter\Node.cpp(1,1): warning C4828: Файл содержит знак, начинающийся со смещения 0x9b3, который является недопустимым в текущей исходной кодировке (кодовая страница 65001).
D:\university\kinpo\KINPO\TexConverter\Node.cpp(1,1): warning C4828: Файл содержит знак, начинающийся со смещения 0x9b6, который является недопустимым в текущей исходной кодировке (кодовая страница 65001).
D:\university\kinpo\KINPO\TexConverter\Node.cpp(1,1): warning C4828: Файл содержит знак, начинающийся со смещения 0x9b9, который является недопустимым в текущей исходной кодировке (кодовая страница 65001).
D:\university\kinpo\KINPO\TexConverter\Node.cpp(1,1): warning C4828: Файл содержит знак, начинающийся со смещения 0x9bc, который является недопустимым в текущей исходной кодировке (кодовая страница 65001).
D:\university\kinpo\KINPO\TexConverter\Node.cpp(1,1): warning C4828: Файл содержит знак, начинающийся со смещения 0x9c0, который является недопустимым в текущей исходной кодировке (кодовая страница 65001).
D:\university\kinpo\KINPO\TexConverter\Node.cpp(1,1): warning C4828: Файл содержит знак, начинающийся со смещения 0x9c4, который является недопустимым в текущей исходной кодировке (кодовая страница 65001).
D:\university\kinpo\KINPO\TexConverter\Node.cpp(1,1): warning C4828: Файл содержит знак, начинающийся со смещения 0x9c7, который является недопустимым в текущей исходной кодировке (кодовая страница 65001).
D:\university\kinpo\KINPO\TexConverter\Node.cpp(1,1): warning C4828: Файл содержит знак, начинающийся со смещения 0xa4b, который является недопустимым в текущей исходной кодировке (кодовая страница 65001).
D:\university\kinpo\KINPO\TexConverter\Node.cpp(1,1): warning C4828: Файл содержит знак, начинающийся со смещения 0xa4d, который является недопустимым в текущей исходной кодировке (кодовая страница 65001).
D:\university\kinpo\KINPO\TexConverter\Node.cpp(1,1): warning C4828: Файл содержит знак, начинающийся со смещения 0xa50, который является недопустимым в текущей исходной кодировке (кодовая страница 65001).
D:\university\kinpo\KINPO\TexConverter\Node.cpp(1,1): warning C4828: Файл содержит знак, начинающийся со смещения 0xaf1, который является недопустимым в текущей исходной кодировке (кодовая страница 65001).
D:\university\kinpo\KINPO\TexConverter\Node.cpp(1,1): warning C4828: Файл содержит знак, начинающийся со смещения 0xaf5, который является недопустимым в текущей исходной кодировке (кодовая страница 65001).
D:\university\kinpo\KINPO\TexConverter\Node.cpp(1,1): warning C4828: Файл содержит знак, начинающийся со смещения 0xb48, который является недопустимым в текущей исходной кодировке (кодовая страница 65001).
D:\university\kinpo\KINPO\TexConverter\Node.cpp(1,1): warning C4828: Файл содержит знак, начинающийся со смещения 0xb4a, который является недопустимым в текущей исходной кодировке (кодовая страница 65001).
D:\university\kinpo\KINPO\TexConverter\Node.cpp(1,1): warning C4828: Файл содержит знак, начинающийся со смещения 0xb4d, который является недопустимым в текущей исходной кодировке (кодовая страница 65001).
D:\university\kinpo\KINPO\TexConverter\Node.cpp(1,1): warning C4828: Файл содержит знак, начинающийся со смещения 0xb51, который является недопустимым в текущей исходной кодировке (кодовая страница 65001).
D:\university\kinpo\KINPO\TexConverter\Node.cpp(1,1): warning C4828: Файл содержит знак, начинающийся со смещения 0xb54, который является недопустимым в текущей исходной кодировке (кодовая страница 65001).
D:\university\kinpo\KINPO\TexConverter\Node.cpp(1,1): warning C4828: Файл содержит знак, начинающийся со смещения 0xb57, который является недопустимым в текущей исходной кодировке (кодовая страница 65001).
D:\university\kinpo\KINPO\TexConverter\Node.cpp(1,1): warning C4828: Файл содержит знак, начинающийся со смещения 0xb5a, который является недопустимым в текущей исходной кодировке (кодовая страница 65001).
D:\university\kinpo\KINPO\TexConverter\Node.cpp(1,1): warning C4828: Файл содержит знак, начинающийся со смещения 0xb5d, который является недопустимым в текущей исходной кодировке (кодовая страница 65001).
D:\university\kinpo\KINPO\TexConverter\Node.cpp(1,1): warning C4828: Файл содержит знак, начинающийся со смещения 0xb60, который является недопустимым в текущей исходной кодировке (кодовая страница 65001).
D:\university\kinpo\KINPO\TexConverter\Node.cpp(1,1): warning C4828: Файл содержит знак, начинающийся со смещения 0xb64, который является недопустимым в текущей исходной кодировке (кодовая страница 65001).
D:\university\kinpo\KINPO\TexConverter\Node.cpp(1,1): warning C4828: Файл содержит знак, начинающийся со смещения 0xb68, который является недопустимым в текущей исходной кодировке (кодовая страница 65001).
D:\university\kinpo\KINPO\TexConverter\Node.cpp(1,1): warning C4828: Файл содержит знак, начинающийся со смещения 0xb6c, который является недопустимым в текущей исходной кодировке (кодовая страница 65001).
D:\university\kinpo\KINPO\TexConverter\Node.cpp(1,1): warning C4828: Файл содержит знак, начинающийся со смещения 0xb73, который является недопустимым в текущей исходной кодировке (кодовая страница 65001).
D:\university\kinpo\KINPO\TexConverter\Node.cpp(1,1): warning C4828: Файл содержит знак, начинающийся со смещения 0xb77, который является недопустимым в текущей исходной кодировке (кодовая страница 65001).
D:\university\kinpo\KINPO\TexConverter\Node.cpp(1,1): warning C4828: Файл содержит знак, начинающийся со смещения 0xb78, который является недопустимым в текущей исходной кодировке (кодовая страница 65001).
D:\university\kinpo\KINPO\TexConverter\Node.cpp(1,1): warning C4828: Файл содержит знак, начинающийся со смещения 0xb7c, который является недопустимым в текущей исходной кодировке (кодовая страница 65001).
D:\university\kinpo\KINPO\TexConverter\Node.cpp(1,1): warning C4828: Файл содержит знак, начинающийся со смещения 0xc81, который является недопустимым в текущей исходной кодировке (кодовая страница 65001).
D:\university\kinpo\KINPO\TexConverter\Node.cpp(1,1): warning C4828: Файл содержит знак, начинающийся со смещения 0xc83, который является недопустимым в текущей исходной кодировке (кодовая страница 65001).
D:\university\kinpo\KINPO\TexConverter\Node.cpp(1,1): warning C4828: Файл содержит знак, начинающийся со смещения 0xc87, который является недопустимым в текущей исходной кодировке (кодовая страница 65001).
D:\university\kinpo\KINPO\TexConverter\Node.cpp(1,1): warning C4828: Файл содержит знак, начинающийся со смещения 0xc8b, который является недопустимым в текущей исходной кодировке (кодовая страница 65001).
D:\university\kinpo\KINPO\TexConverter\Node.cpp(1,1): warning C4828: Файл содержит знак, начинающийся со смещения 0xd13, который является недопустимым в текущей исходной кодировке (кодовая страница 65001).
D:\university\kinpo\KINPO\TexConverter\Node.cpp(1,1): warning C4828: Файл содержит знак, начинающийся со смещения 0xd15, который является недопустимым в текущей исходной кодировке (кодовая страница 65001).
D:\university\kinpo\KINPO\TexConverter\Node.cpp(1,1): warning C4828: Файл содержит знак, начинающийся со смещения 0xd19, который является недопустимым в текущей исходной кодировке (кодовая страница 65001).
D:\university\kinpo\KINPO\TexConverter\Node.cpp(1,1): warning C4828: Файл содержит знак, начинающийся со смещения 0xd1d, который является недопустимым в текущей исходной кодировке (кодовая страница 65001).
D:\university\kinpo\KINPO\TexConverter\Node.cpp(1,1): warning C4828: Файл содержит знак, начинающийся со смещения 0xd20, который является недопустимым в текущей исходной кодировке (кодовая страница 65001).
D:\university\kinpo\KINPO\TexConverter\Node.cpp(1,1): warning C4828: Файл содержит знак, начинающийся со смещения 0xd24, который является недопустимым в текущей исходной кодировке (кодовая страница 65001).
D:\university\kinpo\KINPO\TexConverter\Node.cpp(1,1): warning C4828: Файл содержит знак, начинающийся со смещения 0xd26, который является недопустимым в текущей исходной кодировке (кодовая страница 65001).
D:\university\kinpo\KINPO\TexConverter\Node.cpp(1,1): warning C4828: Файл содержит знак, начинающийся со смещения 0xd2c, который является недопустимым в текущей исходной кодировке (кодовая страница 65001).
D:\university\kinpo\KINPO\TexConverter\Node.cpp(1,1): warning C4828: Файл содержит знак, начинающийся со смещения 0xd30, который является недопустимым в текущей исходной кодировке (кодовая страница 65001).
D:\university\kinpo\KINPO\TexConverter\Node.cpp(1,1): warning C4828: Файл содержит знак, начинающийся со смещения 0xd31, который является недопустимым в текущей исходной кодировке (кодовая страница 65001).
D:\university\kinpo\KINPO\TexConverter\Node.cpp(1,1): warning C4828: Файл содержит знак, начинающийся со смещения 0xd34, который является недопустимым в текущей исходной кодировке (кодовая страница 65001).
D:\university\kinpo\KINPO\TexConverter\Node.cpp(1,1): warning C4828: Файл содержит знак, начинающийся со смещения 0xd37, который является недопустимым в текущей исходной кодировке (кодовая страница 65001).
D:\university\kinpo\KINPO\TexConverter\Node.cpp(1,1): warning C4828: Файл содержит знак, начинающийся со смещения 0xd3c, который является недопустимым в текущей исходной кодировке (кодовая страница 65001).
D:\university\kinpo\KINPO\TexConverter\Node.cpp(1,1): warning C4828: Файл содержит знак, начинающийся со смещения 0xd3f, который является недопустимым в текущей исходной кодировке (кодовая страница 65001).
D:\university\kinpo\KINPO\TexConverter\Node.cpp(1,1): warning C4828: Файл содержит знак, начинающийся со смещения 0xd42, который является недопустимым в текущей исходной кодировке (кодовая страница 65001).
D:\university\kinpo\KINPO\TexConverter\Node.cpp(1,1): warning C4828: Файл содержит знак, начинающийся со смещения 0xd48, который является недопустимым в текущей исходной кодировке (кодовая страница 65001).
D:\university\kinpo\KINPO\TexConverter\Node.cpp(1,1): warning C4828: Файл содержит знак, начинающийся со смещения 0xd4b, который является недопустимым в текущей исходной кодировке (кодовая страница 65001).
D:\university\kinpo\KINPO\TexConverter\Node.cpp(1,1): warning C4828: Файл содержит знак, начинающийся со смещения 0xd4e, который является недопустимым в текущей исходной кодировке (кодовая страница 65001).
D:\university\kinpo\KINPO\TexConverter\Node.cpp(1,1): warning C4828: Файл содержит знак, начинающийся со смещения 0xe61, который является недопустимым в текущей исходной кодировке (кодовая страница 65001).
D:\university\kinpo\KINPO\TexConverter\Node.cpp(1,1): warning C4828: Файл содержит знак, начинающийся со смещения 0xe63, который является недопустимым в текущей исходной кодировке (кодовая страница 65001).
D:\university\kinpo\KINPO\TexConverter\Node.cpp(1,1): warning C4828: Файл содержит знак, начинающийся со смещения 0xe66, который является недопустимым в текущей исходной кодировке (кодовая страница 65001).
D:\university\kinpo\KINPO\TexConverter\Node.cpp(1,1): warning C4828: Файл содержит знак, начинающийся со смещения 0xe69, который является недопустимым в текущей исходной кодировке (кодовая страница 65001).
D:\university\kinpo\KINPO\TexConverter\Node.cpp(1,1): warning C4828: Файл содержит знак, начинающийся со смещения 0xe6f, который является недопустимым в текущей исходной кодировке (кодовая страница 65001).
D:\university\kinpo\KINPO\TexConverter\Node.cpp(1,1): warning C4828: Файл содержит знак, начинающийся со смещения 0xe72, который является недопустимым в текущей исходной кодировке (кодовая страница 65001).
D:\university\kinpo\KINPO\TexConverter\Node.cpp(1,1): warning C4828: Файл содержит знак, начинающийся со смещения 0xe75, который является недопустимым в текущей исходной кодировке (кодовая страница 65001).
D:\university\kinpo\KINPO\TexConverter\Node.cpp(1,1): warning C4828: Файл содержит знак, начинающийся со смещения 0xe79, который является недопустимым в текущей исходной кодировке (кодовая страница 65001).
D:\university\kinpo\KINPO\TexConverter\Node.cpp(1,1): warning C4828: Файл содержит знак, начинающийся со смещения 0xe7d, который является недопустимым в текущей исходной кодировке (кодовая страница 65001).
D:\university\kinpo\KINPO\TexConverter\Node.cpp(1,1): warning C4828: Файл содержит знак, начинающийся со смещения 0xe81, который является недопустимым в текущей исходной кодировке (кодовая страница 65001).
D:\university\kinpo\KINPO\TexConverter\Node.cpp(1,1): warning C4828: Файл содержит знак, начинающийся со смещения 0xe84, который является недопустимым в текущей исходной кодировке (кодовая страница 65001).
D:\university\kinpo\KINPO\TexConverter\Node.cpp(1,1): warning C4828: Файл содержит знак, начинающийся со смещения 0xe87, который является недопустимым в текущей исходной кодировке (кодовая страница 65001).
D:\university\kinpo\KINPO\TexConverter\Node.cpp(1,1): warning C4828: Файл содержит знак, начинающийся со смещения 0xe8a, который является недопустимым в текущей исходной кодировке (кодовая страница 65001).
D:\university\kinpo\KINPO\TexConverter\Node.cpp(1,1): warning C4828: Файл содержит знак, начинающийся со смещения 0xe8b, который является недопустимым в текущей исходной кодировке (кодовая страница 65001).
D:\university\kinpo\KINPO\TexConverter\Node.cpp(1,1): warning C4828: Файл содержит знак, начинающийся со смещения 0xefb, который является недопустимым в текущей исходной кодировке (кодовая страница 65001).
D:\university\kinpo\KINPO\TexConverter\Node.cpp(1,1): warning C4828: Файл содержит знак, начинающийся со смещения 0xefd, который является недопустимым в текущей исходной кодировке (кодовая страница 65001).
D:\university\kinpo\KINPO\TexConverter\Node.cpp(1,1): warning C4828: Файл содержит знак, начинающийся со смещения 0xf00, который является недопустимым в текущей исходной кодировке (кодовая страница 65001).
D:\university\kinpo\KINPO\TexConverter\Node.cpp(1,1): warning C4828: Файл содержит знак, начинающийся со смещения 0xf05, который является недопустимым в текущей исходной кодировке (кодовая страница 65001).
D:\university\kinpo\KINPO\TexConverter\Node.cpp(1,1): warning C4828: Файл содержит знак, начинающийся со смещения 0xf08, который является недопустимым в текущей исходной кодировке (кодовая страница 65001).
D:\university\kinpo\KINPO\TexConverter\Node.cpp(1,1): warning C4828: Файл содержит знак, начинающийся со смещения 0xf0b, который является недопустимым в текущей исходной кодировке (кодовая страница 65001).
D:\university\kinpo\KINPO\TexConverter\Node.cpp(1,1): warning C4828: Файл содержит знак, начинающийся со смещения 0xf0e, который является недопустимым в текущей исходной кодировке (кодовая страница 65001).
D:\university\kinpo\KINPO\TexConverter\Node.cpp(1,1): warning C4828: Файл содержит знак, начинающийся со смещения 0xf11, который является недопустимым в текущей исходной кодировке (кодовая страница 65001).
D:\university\kinpo\KINPO\TexConverter\Node.cpp(1,1): warning C4828: Файл содержит знак, начинающийся со смещения 0xf14, который является недопустимым в текущей исходной кодировке (кодовая страница 65001).
D:\university\kinpo\KINPO\TexConverter\Node.cpp(1,1): warning C4828: Файл содержит знак, начинающийся со смещения 0xf17, который является недопустимым в текущей исходной кодировке (кодовая страница 65001).
D:\university\kinpo\KINPO\TexConverter\Node.cpp(1,1): warning C4828: Файл содержит знак, начинающийся со смещения 0xf1a, который является недопустимым в текущей исходной кодировке (кодовая страница 65001).
D:\university\kinpo\KINPO\TexConverter\Node.cpp(1,1): warning C4828: Файл содержит знак, начинающийся со смещения 0xf1e, который является недопустимым в текущей исходной кодировке (кодовая страница 65001).
D:\university\kinpo\KINPO\TexConverter\Node.cpp(1,1): warning C4828: Файл содержит знак, начинающийся со смещения 0xf21, который является недопустимым в текущей исходной кодировке (кодовая страница 65001).
D:\university\kinpo\KINPO\TexConverter\Node.cpp(1,1): warning C4828: Файл содержит знак, начинающийся со смещения 0xfe8, который является недопустимым в текущей исходной кодировке (кодовая страница 65001).
D:\university\kinpo\KINPO\TexConverter\Node.cpp(1,1): warning C4828: Файл содержит знак, начинающийся со смещения 0xfea, который является недопустимым в текущей исходной кодировке (кодовая страница 65001).
D:\university\kinpo\KINPO\TexConverter\Node.cpp(1,1): warning C4828: Файл содержит знак, начинающийся со смещения 0xfed, который является недопустимым в текущей исходной кодировке (кодовая страница 65001).
D:\university\kinpo\KINPO\TexConverter\Node.cpp(1,1): warning C4828: Файл содержит знак, начинающийся со смещения 0xff0, который является недопустимым в текущей исходной кодировке (кодовая страница 65001).
D:\university\kinpo\KINPO\TexConverter\Node.cpp(1,1): warning C4828: Файл содержит знак, начинающийся со смещения 0xff3, который является недопустимым в текущей исходной кодировке (кодовая страница 65001).
D:\university\kinpo\KINPO\TexConverter\Node.cpp(1,1): warning C4828: Файл содержит знак, начинающийся со смещения 0xff6, который является недопустимым в текущей исходной кодировке (кодовая страница 65001).
D:\university\kinpo\KINPO\TexConverter\Node.cpp(1,1): warning C4828: Файл содержит знак, начинающийся со смещения 0xff7, который является недопустимым в текущей исходной кодировке (кодовая страница 65001).
D:\university\kinpo\KINPO\TexConverter\Node.cpp(1,1): warning C4828: Файл содержит знак, начинающийся со смещения 0xffa, который является недопустимым в текущей исходной кодировке (кодовая страница 65001).
D:\university\kinpo\KINPO\TexConverter\Node.cpp(1,1): warning C4828: Файл содержит знак, начинающийся со смещения 0xffd, который является недопустимым в текущей исходной кодировке (кодовая страница 65001).
D:\university\kinpo\KINPO\TexConverter\Node.cpp(1,1): warning C4828: Файл содержит знак, начинающийся со смещения 0xfff, который является недопустимым в текущей исходной кодировке (кодовая страница 65001).
D:\university\kinpo\KINPO\TexConverter\Node.cpp(1,1): warning C4828: Файл содержит знак, начинающийся со смещения 0x1002, который является недопустимым в текущей исходной кодировке (кодовая страница 65001).
D:\university\kinpo\KINPO\TexConverter\Node.cpp(1,1): warning C4828: Файл содержит знак, начинающийся со смещения 0x1005, который является недопустимым в текущей исходной кодировке (кодовая страница 65001).
D:\university\kinpo\KINPO\TexConverter\Node.cpp(1,1): warning C4828: Файл содержит знак, начинающийся со смещения 0x1093, который является недопустимым в текущей исходной кодировке (кодовая страница 65001).
D:\university\kinpo\KINPO\TexConverter\Node.cpp(1,1): warning C4828: Файл содержит знак, начинающийся со смещения 0x1095, который является недопустимым в текущей исходной кодировке (кодовая страница 65001).
D:\university\kinpo\KINPO\TexConverter\Node.cpp(1,1): warning C4828: Файл содержит знак, начинающийся со смещения 0x1099, который является недопустимым в текущей исходной кодировке (кодовая страница 65001).
D:\university\kinpo\KINPO\TexConverter\Node.cpp(1,1): warning C4828: Файл содержит знак, начинающийся со смещения 0x109d, который является недопустимым в текущей исходной кодировке (кодовая страница 65001).
D:\university\kinpo\KINPO\TexConverter\Node.cpp(1,1): warning C4828: Файл содержит знак, начинающийся со смещения 0x10a1, который является недопустимым в текущей исходной кодировке (кодовая страница 65001).
D:\university\kinpo\KINPO\TexConverter\Node.cpp(1,1): warning C4828: Файл содержит знак, начинающийся со смещения 0x10a4, который является недопустимым в текущей исходной кодировке (кодовая страница 65001).
D:\university\kinpo\KINPO\TexConverter\Node.cpp(1,1): warning C4828: Файл содержит знак, начинающийся со смещения 0x10aa, который является недопустимым в текущей исходной кодировке (кодовая страница 65001).
D:\university\kinpo\KINPO\TexConverter\Node.cpp(1,1): warning C4828: Файл содержит знак, начинающийся со смещения 0x10ae, который является недопустимым в текущей исходной кодировке (кодовая страница 65001).
D:\university\kinpo\KINPO\TexConverter\Node.cpp(1,1): warning C4828: Файл содержит знак, начинающийся со смещения 0x1194, который является недопустимым в текущей исходной кодировке (кодовая страница 65001).
D:\university\kinpo\KINPO\TexConverter\Node.cpp(1,1): warning C4828: Файл содержит знак, начинающийся со смещения 0x1196, который является недопустимым в текущей исходной кодировке (кодовая страница 65001).
D:\university\kinpo\KINPO\TexConverter\Node.cpp(1,1): warning C4828: Файл содержит знак, начинающийся со смещения 0x119a, который является недопустимым в текущей исходной кодировке (кодовая страница 65001).
D:\university\kinpo\KINPO\TexConverter\Node.cpp(1,1): warning C4828: Файл содержит знак, начинающийся со смещения 0x119f, который является недопустимым в текущей исходной кодировке (кодовая страница 65001).
D:\university\kinpo\KINPO\TexConverter\Node.cpp(1,1): warning C4828: Файл содержит знак, начинающийся со смещения 0x11a2, который является недопустимым в текущей исходной кодировке (кодовая страница 65001).
D:\university\kinpo\KINPO\TexConverter\Node.cpp(1,1): warning C4828: Файл содержит знак, начинающийся со смещения 0x11a6, который является недопустимым в текущей исходной кодировке (кодовая страница 65001).
D:\university\kinpo\KINPO\TexConverter\Node.cpp(1,1): warning C4828: Файл содержит знак, начинающийся со смещения 0x11a9, который является недопустимым в текущей исходной кодировке (кодовая страница 65001).
D:\university\kinpo\KINPO\TexConverter\Node.cpp(1,1): warning C4828: Файл содержит знак, начинающийся со смещения 0x11ad, который является недопустимым в текущей исходной кодировке (кодовая страница 65001).
D:\university\kinpo\KINPO\TexConverter\Node.cpp(1,1): warning C4828: Файл содержит знак, начинающийся со смещения 0x11b0, который является недопустимым в текущей исходной кодировке (кодовая страница 65001).
D:\university\kinpo\KINPO\TexConverter\Node.cpp(1,1): warning C4828: Файл содержит знак, начинающийся со смещения 0x11b3, который является недопустимым в текущей исходной кодировке (кодовая страница 65001).
D:\university\kinpo\KINPO\TexConverter\Node.cpp(1,1): warning C4828: Файл содержит знак, начинающийся со смещения 0x11b6, который является недопустимым в текущей исходной кодировке (кодовая страница 65001).
D:\university\kinpo\KINPO\TexConverter\Node.cpp(1,1): warning C4828: Файл содержит знак, начинающийся со смещения 0x1342, который является недопустимым в текущей исходной кодировке (кодовая страница 65001).
D:\university\kinpo\KINPO\TexConverter\Node.cpp(1,1): warning C4828: Файл содержит знак, начинающийся со смещения 0x1344, который является недопустимым в текущей исходной кодировке (кодовая страница 65001).
D:\university\kinpo\KINPO\TexConverter\Node.cpp(1,1): warning C4828: Файл содержит знак, начинающийся со смещения 0x1347, который является недопустимым в текущей исходной кодировке (кодовая страница 65001).
D:\university\kinpo\KINPO\TexConverter\Node.cpp(1,1): warning C4828: Файл содержит знак, начинающийся со смещения 0x134a, который является недопустимым в текущей исходной кодировке (кодовая страница 65001).
D:\university\kinpo\KINPO\TexConverter\Node.cpp(1,1): warning C4828: Файл содержит знак, начинающийся со смещения 0x134f, который является недопустимым в текущей исходной кодировке (кодовая страница 65001).
D:\university\kinpo\KINPO\TexConverter\Node.cpp(1,1): warning C4828: Файл содержит знак, начинающийся со смещения 0x1350, который является недопустимым в текущей исходной кодировке (кодовая страница 65001).
D:\university\kinpo\KINPO\TexConverter\Node.cpp(1,1): warning C4828: Файл содержит знак, начинающийся со смещения 0x1353, который является недопустимым в текущей исходной кодировке (кодовая страница 65001).
D:\university\kinpo\KINPO\TexConverter\Node.cpp(1,1): warning C4828: Файл содержит знак, начинающийся со смещения 0x1356, который является недопустимым в текущей исходной кодировке (кодовая страница 65001).
D:\university\kinpo\KINPO\TexConverter\Node.cpp(1,1): warning C4828: Файл содержит знак, начинающийся со смещения 0x1358, который является недопустимым в текущей исходной кодировке (кодовая страница 65001).
D:\university\kinpo\KINPO\TexConverter\Node.cpp(1,1): warning C4828: Файл содержит знак, начинающийся со смещения 0x135c, который является недопустимым в текущей исходной кодировке (кодовая страница 65001).
D:\university\kinpo\KINPO\TexConverter\Node.cpp(1,1): warning C4828: Файл содержит знак, начинающийся со смещения 0x135f, который является недопустимым в текущей исходной кодировке (кодовая страница 65001).
D:\university\kinpo\KINPO\TexConverter\Node.cpp(1,1): warning C4828: Файл содержит знак, начинающийся со смещения 0x1362, который является недопустимым в текущей исходной кодировке (кодовая страница 65001).
D:\university\kinpo\KINPO\TexConverter\Node.cpp(1,1): warning C4828: Файл содержит знак, начинающийся со смещения 0x1365, который является недопустимым в текущей исходной кодировке (кодовая страница 65001).
D:\university\kinpo\KINPO\TexConverter\Node.cpp(1,1): warning C4828: Файл содержит знак, начинающийся со смещения 0x1368, который является недопустимым в текущей исходной кодировке (кодовая страница 65001).
D:\university\kinpo\KINPO\TexConverter\Node.cpp(1,1): warning C4828: Файл содержит знак, начинающийся со смещения 0x136b, который является недопустимым в текущей исходной кодировке (кодовая страница 65001).
D:\university\kinpo\KINPO\TexConverter\Node.cpp(1,1): warning C4828: Файл содержит знак, начинающийся со смещения 0x136e, который является недопустимым в текущей исходной кодировке (кодовая страница 65001).
D:\university\kinpo\KINPO\TexConverter\Node.cpp(1,1): warning C4828: Файл содержит знак, начинающийся со смещения 0x1372, который является недопустимым в текущей исходной кодировке (кодовая страница 65001).
D:\university\kinpo\KINPO\TexConverter\Node.cpp(1,1): warning C4828: Файл содержит знак, начинающийся со смещения 0x1375, который является недопустимым в текущей исходной кодировке (кодовая страница 65001).
D:\university\kinpo\KINPO\TexConverter\Node.cpp(1,1): warning C4828: Файл содержит знак, начинающийся со смещения 0x13e4, который является недопустимым в текущей исходной кодировке (кодовая страница 65001).
D:\university\kinpo\KINPO\TexConverter\Node.cpp(1,1): warning C4828: Файл содержит знак, начинающийся со смещения 0x13e6, который является недопустимым в текущей исходной кодировке (кодовая страница 65001).
D:\university\kinpo\KINPO\TexConverter\Node.cpp(1,1): warning C4828: Файл содержит знак, начинающийся со смещения 0x13e9, который является недопустимым в текущей исходной кодировке (кодовая страница 65001).
D:\university\kinpo\KINPO\TexConverter\Node.cpp(1,1): warning C4828: Файл содержит знак, начинающийся со смещения 0x13ed, который является недопустимым в текущей исходной кодировке (кодовая страница 65001).
D:\university\kinpo\KINPO\TexConverter\Node.cpp(1,1): warning C4828: Файл содержит знак, начинающийся со смещения 0x13f1, который является недопустимым в текущей исходной кодировке (кодовая страница 65001).
D:\university\kinpo\KINPO\TexConverter\Node.cpp(1,1): warning C4828: Файл содержит знак, начинающийся со смещения 0x13f4, который является недопустимым в текущей исходной кодировке (кодовая страница 65001).
D:\university\kinpo\KINPO\TexConverter\Node.cpp(1,1): warning C4828: Файл содержит знак, начинающийся со смещения 0x13f7, который является недопустимым в текущей исходной кодировке (кодовая страница 65001).
D:\university\kinpo\KINPO\TexConverter\Node.cpp(1,1): warning C4828: Файл содержит знак, начинающийся со смещения 0x13fa, который является недопустимым в текущей исходной кодировке (кодовая страница 65001).
D:\university\kinpo\KINPO\TexConverter\Node.cpp(1,1): warning C4828: Файл содержит знак, начинающийся со смещения 0x13fe, который является недопустимым в текущей исходной кодировке (кодовая страница 65001).
D:\university\kinpo\KINPO\TexConverter\Node.cpp(1,1): warning C4828: Файл содержит знак, начинающийся со смещения 0x1401, который является недопустимым в текущей исходной кодировке (кодовая страница 65001).
D:\university\kinpo\KINPO\TexConverter\Node.cpp(1,1): warning C4828: Файл содержит знак, начинающийся со смещения 0x1406, который является недопустимым в текущей исходной кодировке (кодовая страница 65001).
D:\university\kinpo\KINPO\TexConverter\Node.cpp(1,1): warning C4828: Файл содержит знак, начинающийся со смещения 0x1409, который является недопустимым в текущей исходной кодировке (кодовая страница 65001).
D:\university\kinpo\KINPO\TexConverter\Node.cpp(1,1): warning C4828: Файл содержит знак, начинающийся со смещения 0x140c, который является недопустимым в текущей исходной кодировке (кодовая страница 65001).
D:\university\kinpo\KINPO\TexConverter\Node.cpp(1,1): warning C4828: Файл содержит знак, начинающийся со смещения 0x140f, который является недопустимым в текущей исходной кодировке (кодовая страница 65001).
D:\university\kinpo\KINPO\TexConverter\Node.cpp(1,1): warning C4828: Файл содержит знак, начинающийся со смещения 0x1412, который является недопустимым в текущей исходной кодировке (кодовая страница 65001).
D:\university\kinpo\KINPO\TexConverter\Node.cpp(1,1): warning C4828: Файл содержит знак, начинающийся со смещения 0x1415, который является недопустимым в текущей исходной кодировке (кодовая страница 65001).
D:\university\kinpo\KINPO\TexConverter\Node.cpp(1,1): warning C4828: Файл содержит знак, начинающийся со смещения 0x1419, который является недопустимым в текущей исходной кодировке (кодовая страница 65001).
D:\university\kinpo\KINPO\TexConverter\Node.cpp(1,1): warning C4828: Файл содержит знак, начинающийся со смещения 0x141c, который является недопустимым в текущей исходной кодировке (кодовая страница 65001).
D:\university\kinpo\KINPO\TexConverter\Node.cpp(1,1): warning C4828: Файл содержит знак, начинающийся со смещения 0x1420, который является недопустимым в текущей исходной кодировке (кодовая страница 65001).
D:\university\kinpo\KINPO\TexConverter\Node.cpp(1,1): warning C4828: Файл содержит знак, начинающийся со смещения 0x1421, который является недопустимым в текущей исходной кодировке (кодовая страница 65001).
D:\university\kinpo\KINPO\TexConverter\Node.cpp(1,1): warning C4828: Файл содержит знак, начинающийся со смещения 0x1424, который является недопустимым в текущей исходной кодировке (кодовая страница 65001).
D:\university\kinpo\KINPO\TexConverter\Node.cpp(1,1): warning C4828: Файл содержит знак, начинающийся со смещения 0x1427, который является недопустимым в текущей исходной кодировке (кодовая страница 65001).
D:\university\kinpo\KINPO\TexConverter\Node.cpp(1,1): warning C4828: Файл содержит знак, начинающийся со смещения 0x1429, который является недопустимым в текущей исходной кодировке (кодовая страница 65001).
D:\university\kinpo\KINPO\TexConverter\Node.cpp(1,1): warning C4828: Файл содержит знак, начинающийся со смещения 0x142d, который является недопустимым в текущей исходной кодировке (кодовая страница 65001).
D:\university\kinpo\KINPO\TexConverter\Node.cpp(1,1): warning C4828: Файл содержит знак, начинающийся со смещения 0x1430, который является недопустимым в текущей исходной кодировке (кодовая страница 65001).
D:\university\kinpo\KINPO\TexConverter\Node.cpp(130,25): warning C4267: =: преобразование из "size_t" в "int"; возможна потеря данных
  TexConverter.vcxproj -> D:\university\kinpo\KINPO\x64\Debug\TexConverter.exe
